<?xml version="1.0" encoding="UTF-8"?>
<!-- Generated by org.testng.reporters.JUnitReportReporter -->
<testsuite hostname="HamzehAbuAmer" failures="0" tests="3" name="TeatCasesLoginAndArrangedItems" time="4.016" errors="0" timestamp="2024-06-06T22:19:28 EET" skipped="0">
  <testcase classname="TeatCasesLoginAndArrangedItems" name="LoginTest" time="1.626"/>
  <system-out/>
  <testcase classname="TeatCasesLoginAndArrangedItems" name="VerifyProductsElementIsThere" time="0.081"/>
  <system-out/>
  <testcase classname="TeatCasesLoginAndArrangedItems" name="SortingItems" time="2.309"/>
  <system-out/>
</testsuite> <!-- TeatCasesLoginAndArrangedItems -->
